INFO 2025-07-31 23:43:17,766 autoreload 668 Watching for file changes with StatReloader
INFO 2025-07-31 23:43:27,662 autoreload 668 Watching for file changes with StatReloader
INFO 2025-07-31 23:44:14,761 autoreload 668 Watching for file changes with StatReloader
INFO 2025-07-31 23:44:29,656 basehttp 212 "GET /全运会计数/触发/?设备编号=1&当前计数=1530 HTTP/1.1" 200 63
WARNING 2025-07-31 23:44:29,803 log 241 Not Found: /favicon.ico
WARNING 2025-07-31 23:44:29,804 basehttp 212 "GET /favicon.ico HTTP/1.1" 404 2235
INFO 2025-07-31 23:44:32,801 basehttp 212 "GET /全运会计数/触发/?设备编号=1&当前计数=1530 HTTP/1.1" 200 63
INFO 2025-07-31 23:44:33,148 basehttp 212 "GET /全运会计数/触发/?设备编号=1&当前计数=1530 HTTP/1.1" 200 63
INFO 2025-07-31 23:44:33,317 basehttp 212 "GET /全运会计数/触发/?设备编号=1&当前计数=1530 HTTP/1.1" 200 63
INFO 2025-07-31 23:44:33,501 basehttp 212 "GET /全运会计数/触发/?设备编号=1&当前计数=1530 HTTP/1.1" 200 63
INFO 2025-07-31 23:44:33,673 basehttp 212 "GET /全运会计数/触发/?设备编号=1&当前计数=1530 HTTP/1.1" 200 63
INFO 2025-07-31 23:44:33,828 basehttp 212 "GET /全运会计数/触发/?设备编号=1&当前计数=1530 HTTP/1.1" 200 63
INFO 2025-07-31 23:45:52,212 autoreload 668 Watching for file changes with StatReloader
INFO 2025-07-31 23:46:42,180 autoreload 668 Watching for file changes with StatReloader
INFO 2025-07-31 23:57:59,277 autoreload 266 C:\Users\yl\Desktop\Project\yl-web\DjangoGather\WebServer\服务器后端\服务器后端\settings.py changed, reloading.
INFO 2025-08-01 00:02:58,554 basehttp 212 "GET /全运会计数/触发/?设备编号=1&当前计数=1530 HTTP/1.1" 200 63
INFO 2025-08-01 00:02:59,760 basehttp 212 "GET /全运会计数/触发/?设备编号=1&当前计数=1530 HTTP/1.1" 200 63
INFO 2025-08-01 00:02:59,949 basehttp 212 "GET /全运会计数/触发/?设备编号=1&当前计数=1530 HTTP/1.1" 200 63
INFO 2025-08-01 00:03:00,154 basehttp 212 "GET /全运会计数/触发/?设备编号=1&当前计数=1530 HTTP/1.1" 200 63
INFO 2025-08-01 00:03:00,286 basehttp 212 "GET /全运会计数/触发/?设备编号=1&当前计数=1530 HTTP/1.1" 200 63
WARNING 2025-08-01 00:03:15,166 basehttp 212 "GET /全运会计数/触发/? HTTP/1.1" 400 78
WARNING 2025-08-01 00:03:20,397 basehttp 212 "GET /全运会计数/触发/? HTTP/1.1" 400 78
INFO 2025-08-01 00:03:29,363 basehttp 212 "GET /全运会计数/触发/?设备编号=1&当前计数=1530 HTTP/1.1" 200 63
WARNING 2025-08-01 00:09:21,762 basehttp 212 "GET /全运会计数/触发/? HTTP/1.1" 400 78
INFO 2025-08-01 00:11:50,152 basehttp 212 "GET /全运会计数/统计/ HTTP/1.1" 200 57
INFO 2025-08-01 00:11:50,862 basehttp 212 "GET /全运会计数/触发/?设备编号=1&当前计数=57&上传值=1 HTTP/1.1" 200 63
INFO 2025-08-01 00:11:56,096 basehttp 212 "GET /全运会计数/触发/?设备编号=1&当前计数=58&上传值=1 HTTP/1.1" 200 63
INFO 2025-08-01 00:12:01,355 basehttp 212 "GET /全运会计数/触发/?设备编号=1&当前计数=59&上传值=1 HTTP/1.1" 200 63
INFO 2025-08-01 00:13:11,033 basehttp 212 "GET /全运会计数/触发/?设备编号=1&当前计数=62&上传值=3 HTTP/1.1" 200 63
INFO 2025-08-01 10:11:34,157 basehttp 212 "GET /全运会计数/统计/ HTTP/1.1" 200 55
INFO 2025-08-01 10:13:43,544 basehttp 212 "GET /全运会计数/触发/?设备编号=1&当前计数=61&上传值=1 HTTP/1.1" 200 63
INFO 2025-08-01 10:13:48,882 basehttp 212 "GET /全运会计数/触发/?设备编号=1&当前计数=62&上传值=1 HTTP/1.1" 200 63
INFO 2025-08-01 10:13:54,181 basehttp 212 "GET /全运会计数/触发/?设备编号=1&当前计数=63&上传值=1 HTTP/1.1" 200 63
INFO 2025-08-01 10:20:36,132 basehttp 212 "GET /全运会计数/触发/?设备编号=1&当前计数=64&上传值=1 HTTP/1.1" 200 63
INFO 2025-08-01 10:22:38,199 basehttp 212 "GET /全运会计数/触发/?设备编号=1&当前计数=65&上传值=1 HTTP/1.1" 200 63
INFO 2025-08-01 10:22:43,536 basehttp 212 "GET /全运会计数/触发/?设备编号=1&当前计数=66&上传值=1 HTTP/1.1" 200 63
INFO 2025-08-01 10:58:14,215 basehttp 212 "GET /全运会计数/触发/?设备编号=1&当前计数=1530 HTTP/1.1" 200 63
WARNING 2025-08-01 10:58:14,337 basehttp 212 "GET /favicon.ico HTTP/1.1" 404 2235
INFO 2025-08-01 10:58:34,390 basehttp 212 "GET /全运会计数/触发/?设备编号=1&当前计数=1530 HTTP/1.1" 200 63
WARNING 2025-08-01 10:58:34,484 basehttp 212 "GET /favicon.ico HTTP/1.1" 404 2238
WARNING 2025-08-01 10:58:40,770 basehttp 212 "GET / HTTP/1.1" 404 2187
WARNING 2025-08-01 11:09:56,925 basehttp 212 "GET / HTTP/1.1" 404 2543
WARNING 2025-08-01 11:09:57,719 basehttp 212 "GET / HTTP/1.1" 404 2543
WARNING 2025-08-01 11:09:57,988 basehttp 212 "GET / HTTP/1.1" 404 2543
WARNING 2025-08-01 11:09:58,213 basehttp 212 "GET / HTTP/1.1" 404 2543
WARNING 2025-08-01 11:09:59,450 basehttp 212 "GET / HTTP/1.1" 404 2543
WARNING 2025-08-01 11:15:04,578 basehttp 212 "GET / HTTP/1.1" 404 233
WARNING 2025-08-01 11:15:19,308 basehttp 212 "GET / HTTP/1.1" 404 233
WARNING 2025-08-01 11:15:20,012 basehttp 212 "GET / HTTP/1.1" 404 233
WARNING 2025-08-01 11:15:20,454 basehttp 212 "GET / HTTP/1.1" 404 233
WARNING 2025-08-01 11:15:20,851 basehttp 212 "GET / HTTP/1.1" 404 233
WARNING 2025-08-01 11:15:21,068 basehttp 212 "GET / HTTP/1.1" 404 233
WARNING 2025-08-01 11:15:21,286 basehttp 212 "GET / HTTP/1.1" 404 233
WARNING 2025-08-01 11:15:21,469 basehttp 212 "GET / HTTP/1.1" 404 233
WARNING 2025-08-01 11:15:21,663 basehttp 212 "GET / HTTP/1.1" 404 233
WARNING 2025-08-01 11:19:07,303 basehttp 212 "GET / HTTP/1.1" 404 2187
WARNING 2025-08-01 11:19:08,229 basehttp 212 "GET / HTTP/1.1" 404 2187
WARNING 2025-08-01 11:19:08,417 basehttp 212 "GET / HTTP/1.1" 404 2187
WARNING 2025-08-01 11:19:08,591 basehttp 212 "GET / HTTP/1.1" 404 2187
WARNING 2025-08-01 11:19:16,338 basehttp 212 "GET / HTTP/1.1" 404 233
WARNING 2025-08-01 11:19:17,070 basehttp 212 "GET / HTTP/1.1" 404 233
WARNING 2025-08-01 11:19:17,240 basehttp 212 "GET / HTTP/1.1" 404 233
WARNING 2025-08-01 11:19:17,425 basehttp 212 "GET / HTTP/1.1" 404 233
WARNING 2025-08-01 11:19:25,002 basehttp 212 "GET / HTTP/1.1" 404 233
WARNING 2025-08-01 11:19:26,375 basehttp 212 "GET / HTTP/1.1" 404 233
WARNING 2025-08-01 11:19:26,553 basehttp 212 "GET / HTTP/1.1" 404 233
WARNING 2025-08-01 11:19:26,725 basehttp 212 "GET / HTTP/1.1" 404 233
WARNING 2025-08-01 11:19:26,892 basehttp 212 "GET / HTTP/1.1" 404 233
WARNING 2025-08-01 11:19:27,053 basehttp 212 "GET / HTTP/1.1" 404 233
WARNING 2025-08-01 11:20:54,053 basehttp 212 "GET / HTTP/1.1" 404 233
ERROR 2025-08-01 11:20:54,267 basehttp 212 "GET /favicon.ico HTTP/1.1" 500 62851
WARNING 2025-08-01 11:20:56,053 basehttp 212 "GET / HTTP/1.1" 404 233
ERROR 2025-08-01 11:20:56,260 basehttp 212 "GET /favicon.ico HTTP/1.1" 500 62851
WARNING 2025-08-01 11:20:56,542 basehttp 212 "GET / HTTP/1.1" 404 233
ERROR 2025-08-01 11:20:56,756 basehttp 212 "GET /favicon.ico HTTP/1.1" 500 62851
WARNING 2025-08-01 11:20:56,875 basehttp 212 "GET / HTTP/1.1" 404 233
ERROR 2025-08-01 11:20:57,098 basehttp 212 "GET /favicon.ico HTTP/1.1" 500 62851
WARNING 2025-08-01 11:20:57,148 basehttp 212 "GET / HTTP/1.1" 404 233
ERROR 2025-08-01 11:20:57,376 basehttp 212 "GET /favicon.ico HTTP/1.1" 500 62851
WARNING 2025-08-01 11:20:57,562 basehttp 212 "GET / HTTP/1.1" 404 233
WARNING 2025-08-01 11:20:57,773 basehttp 212 "GET / HTTP/1.1" 404 233
ERROR 2025-08-01 11:20:57,789 basehttp 212 "GET /favicon.ico HTTP/1.1" 500 62851
ERROR 2025-08-01 11:20:57,991 basehttp 212 "GET /favicon.ico HTTP/1.1" 500 62851
WARNING 2025-08-01 11:20:58,172 basehttp 212 "GET / HTTP/1.1" 404 233
ERROR 2025-08-01 11:20:58,395 basehttp 212 "GET /favicon.ico HTTP/1.1" 500 62851
INFO 2025-08-01 11:23:24,392 basehttp 212 "GET /全运会计数/统计/ HTTP/1.1" 200 55
ERROR 2025-08-01 11:23:24,577 basehttp 212 "GET /favicon.ico HTTP/1.1" 500 62916
INFO 2025-08-01 11:23:26,825 basehttp 212 "GET /全运会计数/统计/ HTTP/1.1" 200 55
ERROR 2025-08-01 11:23:26,976 basehttp 212 "GET /favicon.ico HTTP/1.1" 500 62916
INFO 2025-08-01 11:23:27,352 basehttp 212 "GET /全运会计数/统计/ HTTP/1.1" 200 55
ERROR 2025-08-01 11:23:27,504 basehttp 212 "GET /favicon.ico HTTP/1.1" 500 62916
INFO 2025-08-01 11:23:27,549 basehttp 212 "GET /全运会计数/统计/ HTTP/1.1" 200 55
ERROR 2025-08-01 11:23:27,702 basehttp 212 "GET /favicon.ico HTTP/1.1" 500 62916
INFO 2025-08-01 11:23:29,042 basehttp 212 "GET /全运会计数/统计/ HTTP/1.1" 200 55
ERROR 2025-08-01 11:23:29,188 basehttp 212 "GET /favicon.ico HTTP/1.1" 500 62916
INFO 2025-08-01 11:23:44,044 basehttp 212 "GET /全运会计数/统计/ HTTP/1.1" 200 55
ERROR 2025-08-01 11:23:44,197 basehttp 212 "GET /favicon.ico HTTP/1.1" 500 62916
INFO 2025-08-01 11:23:44,559 basehttp 212 "GET /全运会计数/统计/ HTTP/1.1" 200 55
ERROR 2025-08-01 11:23:44,705 basehttp 212 "GET /favicon.ico HTTP/1.1" 500 62916
INFO 2025-08-01 11:23:44,760 basehttp 212 "GET /全运会计数/统计/ HTTP/1.1" 200 55
ERROR 2025-08-01 11:23:44,916 basehttp 212 "GET /favicon.ico HTTP/1.1" 500 62916
INFO 2025-08-01 11:24:15,103 basehttp 212 "GET /全运会计数/统计/ HTTP/1.1" 200 55
ERROR 2025-08-01 11:24:15,280 basehttp 212 "GET /favicon.ico HTTP/1.1" 500 62916
INFO 2025-08-01 11:26:42,767 basehttp 212 "GET /全运会计数/统计/ HTTP/1.1" 200 55
WARNING 2025-08-01 11:26:42,909 basehttp 212 "GET /favicon.ico HTTP/1.1" 404 550
INFO 2025-08-01 11:26:43,733 basehttp 212 "GET /全运会计数/统计/ HTTP/1.1" 200 55
WARNING 2025-08-01 11:27:08,072 basehttp 212 "GET / HTTP/1.1" 404 540
WARNING 2025-08-01 11:28:08,658 basehttp 212 "GET / HTTP/1.1" 404 540
WARNING 2025-08-01 11:54:34,607 basehttp 212 "GET / HTTP/1.1" 404 540
WARNING 2025-08-01 11:54:41,395 basehttp 212 "GET /触发/ HTTP/1.1" 400 78
WARNING 2025-08-01 11:54:47,475 basehttp 212 "GET /触发/ HTTP/1.1" 400 78
WARNING 2025-08-01 11:54:52,468 basehttp 212 "GET /触发/ HTTP/1.1" 400 78
WARNING 2025-08-01 11:55:03,384 basehttp 212 "GET /触ddd发/ HTTP/1.1" 404 549
INFO 2025-08-01 11:55:09,934 basehttp 212 "GET /统计/ HTTP/1.1" 200 97
WARNING 2025-08-01 11:59:29,200 basehttp 212 "GET / HTTP/1.1" 404 540
INFO 2025-08-01 12:03:39,160 basehttp 212 "GET /全运会计数/统计/ HTTP/1.1" 200 97
INFO 2025-08-01 14:15:50,003 basehttp 212 "GET /全运会计数/统计/ HTTP/1.1" 200 97
WARNING 2025-08-01 14:20:08,976 basehttp 212 "GET / HTTP/1.1" 404 540
INFO 2025-08-01 14:21:48,168 basehttp 212 "GET /全运会计数/统计/ HTTP/1.1" 200 97
WARNING 2025-08-01 14:21:48,344 basehttp 212 "GET /favicon.ico HTTP/1.1" 404 550
INFO 2025-08-01 14:21:52,866 basehttp 212 "GET /全运会计数/统计/ HTTP/1.1" 200 97
INFO 2025-08-01 14:33:25,819 basehttp 212 "GET /全运会计数/统计/ HTTP/1.1" 200 97
INFO 2025-08-01 14:33:54,881 basehttp 212 "GET /全运会计数/统计/ HTTP/1.1" 200 97
INFO 2025-08-01 14:34:00,819 basehttp 212 "GET /全运会计数/触发/?设备编号=1&当前计数=69&上传值=1 HTTP/1.1" 200 63
INFO 2025-08-01 14:34:06,288 basehttp 212 "GET /全运会计数/触发/?设备编号=1&当前计数=70&上传值=1 HTTP/1.1" 200 63
INFO 2025-08-01 14:34:11,856 basehttp 212 "GET /全运会计数/触发/?设备编号=1&当前计数=71&上传值=1 HTTP/1.1" 200 63
INFO 2025-08-01 14:43:40,538 basehttp 212 "GET /全运会计数/统计/ HTTP/1.1" 200 99
INFO 2025-08-01 14:47:26,568 basehttp 212 "GET /全运会计数/统计/ HTTP/1.1" 200 132
INFO 2025-08-01 14:47:29,542 basehttp 212 "GET /全运会计数/统计/ HTTP/1.1" 200 132
INFO 2025-08-01 14:47:35,948 basehttp 212 "GET /全运会计数/统计/ HTTP/1.1" 200 132
WARNING 2025-08-01 15:04:43,509 basehttp 212 "GET / HTTP/1.1" 404 540
INFO 2025-08-01 15:09:14,870 basehttp 212 "GET /全运会计数/统计/ HTTP/1.1" 200 132
WARNING 2025-08-01 15:13:19,116 basehttp 212 "GET / HTTP/1.1" 404 540
INFO 2025-08-01 15:14:32,054 basehttp 212 "GET /全运会计数/统计/ HTTP/1.1" 200 132
INFO 2025-08-01 15:15:45,635 basehttp 212 "GET /全运会计数/触发/?设备编号=1&当前计数=72&上传值=1 HTTP/1.1" 200 63
INFO 2025-08-01 15:15:51,379 basehttp 212 "GET /全运会计数/触发/?设备编号=1&当前计数=73&上传值=1 HTTP/1.1" 200 63
INFO 2025-08-01 15:15:58,806 basehttp 212 "GET /全运会计数/触发/?设备编号=1&当前计数=74&上传值=1 HTTP/1.1" 200 63
INFO 2025-08-01 15:22:08,888 basehttp 212 "GET /全运会计数/统计/ HTTP/1.1" 200 132
INFO 2025-08-01 15:23:08,780 basehttp 212 "GET /全运会计数/统计/ HTTP/1.1" 200 132
INFO 2025-08-01 15:25:01,572 basehttp 212 "GET /全运会计数/统计/ HTTP/1.1" 200 132
INFO 2025-08-01 15:25:02,938 basehttp 212 "GET /全运会计数/统计/ HTTP/1.1" 200 132
INFO 2025-08-01 15:25:03,721 basehttp 212 "GET /全运会计数/统计/ HTTP/1.1" 200 132
INFO 2025-08-01 15:25:04,512 basehttp 212 "GET /全运会计数/统计/ HTTP/1.1" 200 132
INFO 2025-08-01 15:25:05,887 basehttp 212 "GET /全运会计数/统计/ HTTP/1.1" 200 132
INFO 2025-08-01 15:25:08,103 basehttp 212 "GET /全运会计数/统计/ HTTP/1.1" 200 132
INFO 2025-08-01 15:26:02,641 basehttp 212 "GET /全运会计数/统计/ HTTP/1.1" 200 132
WARNING 2025-08-01 15:27:37,201 basehttp 212 "GET /% HTTP/1.1" 404 540
INFO 2025-08-01 15:28:41,467 basehttp 212 "GET /全运会计数/统计/ HTTP/1.1" 200 132
INFO 2025-08-01 15:28:42,055 basehttp 212 "GET /全运会计数/统计/ HTTP/1.1" 200 132
INFO 2025-08-01 15:28:42,244 basehttp 212 "GET /全运会计数/统计/ HTTP/1.1" 200 132
INFO 2025-08-01 15:33:09,410 basehttp 212 "GET /全运会计数/统计/ HTTP/1.1" 200 132
INFO 2025-08-01 15:33:12,121 basehttp 212 "GET /全运会计数/统计/ HTTP/1.1" 200 132
INFO 2025-08-01 15:34:49,957 basehttp 212 "GET /全运会计数/统计/ HTTP/1.1" 200 132
INFO 2025-08-01 15:34:50,660 basehttp 212 "GET /全运会计数/统计/ HTTP/1.1" 200 132
INFO 2025-08-01 15:34:51,194 basehttp 212 "GET /全运会计数/统计/ HTTP/1.1" 200 132
INFO 2025-08-01 15:34:51,534 basehttp 212 "GET /全运会计数/统计/ HTTP/1.1" 200 132
INFO 2025-08-01 15:34:51,709 basehttp 212 "GET /全运会计数/统计/ HTTP/1.1" 200 132
INFO 2025-08-01 15:34:56,200 basehttp 212 "GET /全运会计数/统计/ HTTP/1.1" 200 132
INFO 2025-08-01 15:34:56,792 basehttp 212 "GET /全运会计数/统计/ HTTP/1.1" 200 132
INFO 2025-08-01 15:34:57,261 basehttp 212 "GET /全运会计数/统计/ HTTP/1.1" 200 132
INFO 2025-08-01 15:34:57,733 basehttp 212 "GET /全运会计数/统计/ HTTP/1.1" 200 132
INFO 2025-08-01 15:34:57,981 basehttp 212 "GET /全运会计数/统计/ HTTP/1.1" 200 132
INFO 2025-08-01 15:34:58,185 basehttp 212 "GET /全运会计数/统计/ HTTP/1.1" 200 132
INFO 2025-08-01 15:34:58,374 basehttp 212 "GET /全运会计数/统计/ HTTP/1.1" 200 132
INFO 2025-08-01 15:34:58,733 basehttp 212 "GET /全运会计数/统计/ HTTP/1.1" 200 132
WARNING 2025-08-01 15:36:13,908 basehttp 212 "GET / HTTP/1.1" 404 540
INFO 2025-08-01 15:37:34,410 basehttp 212 "GET /全运会计数/触发/?设备编号=1&当前计数=75&上传值=1 HTTP/1.1" 200 63
INFO 2025-08-01 16:17:45,881 basehttp 212 "GET /全运会计数/触发/?设备编号=1&当前计数=76&上传值=1 HTTP/1.1" 200 63
INFO 2025-08-01 16:23:48,458 basehttp 212 "GET /全运会计数/统计/ HTTP/1.1" 200 132
INFO 2025-08-01 16:23:49,335 basehttp 212 "GET /全运会计数/统计/ HTTP/1.1" 200 132
INFO 2025-08-01 16:23:50,033 basehttp 212 "GET /全运会计数/统计/ HTTP/1.1" 200 132
INFO 2025-08-01 16:23:50,796 basehttp 212 "GET /全运会计数/统计/ HTTP/1.1" 200 132
INFO 2025-08-01 16:23:57,239 basehttp 212 "GET /全运会计数/统计/ HTTP/1.1" 200 132
INFO 2025-08-01 16:23:57,732 basehttp 212 "GET /全运会计数/统计/ HTTP/1.1" 200 132
INFO 2025-08-01 16:23:58,315 basehttp 212 "GET /全运会计数/统计/ HTTP/1.1" 200 132
INFO 2025-08-01 16:23:58,796 basehttp 212 "GET /全运会计数/统计/ HTTP/1.1" 200 132
INFO 2025-08-01 16:46:55,616 basehttp 212 "GET /全运会计数/统计/ HTTP/1.1" 200 132
INFO 2025-08-01 16:55:01,850 basehttp 212 "GET /全运会计数/触发/?设备编号=2&当前计数=77&上传值=1 HTTP/1.1" 200 63
INFO 2025-08-01 17:28:58,103 basehttp 212 "GET /全运会计数/统计/ HTTP/1.1" 200 132
INFO 2025-08-01 17:34:08,594 basehttp 212 "GET /全运会计数/触发/?设备编号=3&当前计数=78&上传值=1 HTTP/1.1" 200 63
INFO 2025-08-04 14:07:50,794 basehttp 212 "GET /全运会计数/统计/ HTTP/1.1" 200 131
WARNING 2025-08-04 14:07:50,982 basehttp 212 "GET /favicon.ico HTTP/1.1" 404 550
WARNING 2025-08-04 14:07:57,498 basehttp 212 "GET / HTTP/1.1" 404 540
WARNING 2025-08-04 14:42:41,804 basehttp 212 "GET / HTTP/1.1" 404 540
WARNING 2025-08-04 14:42:42,011 basehttp 212 "GET /favicon.ico HTTP/1.1" 404 550
INFO 2025-08-04 15:15:42,926 basehttp 212 "GET /全运会计数/统计/ HTTP/1.1" 200 131
INFO 2025-08-04 15:16:26,627 basehttp 212 "GET /全运会计数/触发/?设备编号=3&当前计数=79&上传值=1 HTTP/1.1" 200 63
INFO 2025-08-04 15:18:13,819 basehttp 212 "GET /全运会计数/触发/?设备编号=3&当前计数=80&上传值=1 HTTP/1.1" 200 63
INFO 2025-08-04 15:45:59,983 basehttp 212 "GET /全运会计数/触发/?设备编号=3&当前计数=81&上传值=1 HTTP/1.1" 200 63
INFO 2025-08-04 16:00:35,243 basehttp 212 "GET /全运会计数/触发/?设备编号=3&当前计数=82&上传值=1 HTTP/1.1" 200 63
INFO 2025-08-04 16:58:45,152 basehttp 212 "GET /全运会计数/触发/?设备编号=3&当前计数=83&上传值=1 HTTP/1.1" 200 63
INFO 2025-08-04 17:56:16,776 basehttp 212 "GET /全运会计数/触发/?设备编号=3&当前计数=84&上传值=1 HTTP/1.1" 200 63
WARNING 2025-08-04 21:56:48,512 basehttp 212 "GET / HTTP/1.1" 404 540
WARNING 2025-08-04 21:56:49,608 basehttp 212 "GET /sitemap.xml HTTP/1.1" 404 550
WARNING 2025-08-04 21:56:49,647 basehttp 212 "GET /favicon.ico HTTP/1.1" 404 550
WARNING 2025-08-04 21:56:50,006 basehttp 212 "GET /robots.txt HTTP/1.1" 404 549
